<?xml version="1.0" encoding="UTF-8"?>
<!-- Generated by org.testng.reporters.JUnitReportReporter -->
<testsuite hostname="USSPNGOMOTAYO1" failures="0" tests="8" name="com.Onboarding.SignUpPatient" time="67.498" errors="0" timestamp="2019-10-06T00:54:38 CDT" skipped="0">
  <testcase classname="com.Onboarding.SignUpPatient" name="invalidEmailDomain" time="9.637"/>
  <testcase classname="com.Onboarding.SignUpPatient" name="emptyEmailField" time="7.482"/>
  <testcase classname="com.Onboarding.SignUpPatient" name="privacyUnChecked" time="9.324"/>
  <testcase classname="com.Onboarding.SignUpPatient" name="emptyFirstnameField" time="12.550"/>
  <testcase classname="com.Onboarding.SignUpPatient" name="emptyLastnameField" time="7.791"/>
  <testcase classname="com.Onboarding.SignUpPatient" name="invalidPasswordNoUppercaseLetter" time="6.016"/>
  <testcase classname="com.Onboarding.SignUpPatient" name="invalidPasswordLessLenght" time="6.254"/>
  <testcase classname="com.Onboarding.SignUpPatient" name="createProfileWithValidData" time="8.444"/>
</testsuite> <!-- com.Onboarding.SignUpPatient -->
