<?xml version="1.0" encoding="UTF-8"?>
<!-- Generated by org.testng.reporters.JUnitReportReporter -->
<testsuite hostname="USSPNGOMOTAYO1" failures="0" tests="1" name="com.Onboarding.SignUpPatient$RoHappyPathTest" time="2.421" errors="0" timestamp="2019-10-05T16:06:38 CDT" skipped="0">
  <testcase classname="com.Onboarding.SignUpPatient$RoHappyPathTest" name="roHappyPath" time="2.421"/>
</testsuite> <!-- com.Onboarding.SignUpPatient$RoHappyPathTest -->
