<?xml version="1.0" encoding="UTF-8"?>
<!-- Generated by org.testng.reporters.JUnitReportReporter -->
<testsuite hostname="USSPNGOMOTAYO1" failures="0" tests="8" name="com.Onboarding.SignUpPatient" time="69.361" errors="0" timestamp="2019-10-06T00:31:52 CDT" skipped="0">
  <testcase classname="com.Onboarding.SignUpPatient" name="invalidEmailDomain" time="5.939"/>
  <testcase classname="com.Onboarding.SignUpPatient" name="emptyEmailField" time="8.340"/>
  <testcase classname="com.Onboarding.SignUpPatient" name="privacyUnChecked" time="8.750"/>
  <testcase classname="com.Onboarding.SignUpPatient" name="emptyFirstnameField" time="13.144"/>
  <testcase classname="com.Onboarding.SignUpPatient" name="emptyLastnameField" time="10.319"/>
  <testcase classname="com.Onboarding.SignUpPatient" name="invalidPasswordNoUppercaseLetter" time="8.433"/>
  <testcase classname="com.Onboarding.SignUpPatient" name="invalidPasswordLessLenght" time="5.467"/>
  <testcase classname="com.Onboarding.SignUpPatient" name="createProfileWithValidData" time="8.969"/>
</testsuite> <!-- com.Onboarding.SignUpPatient -->
